[debug] [2021-01-14T22:50:54.817Z] ----------------------------------------------------------------------
[debug] [2021-01-14T22:50:54.820Z] Command:       C:\Program Files\nodejs\node.exe C:\Users\Usuario\AppData\Roaming\npm\node_modules\firebase-tools\lib\bin\firebase.js init
[debug] [2021-01-14T22:50:54.820Z] CLI Version:   9.2.0
[debug] [2021-01-14T22:50:54.821Z] Platform:      win32
[debug] [2021-01-14T22:50:54.821Z] Node Version:  v12.16.3
[debug] [2021-01-14T22:50:54.822Z] Time:          Thu Jan 14 2021 19:50:54 GMT-0300 (GMT-03:00)
[debug] [2021-01-14T22:50:54.822Z] ----------------------------------------------------------------------
[debug] [2021-01-14T22:50:54.823Z] 
[debug] [2021-01-14T22:50:54.832Z] > command requires scopes: ["email","openid","https://www.googleapis.com/auth/cloudplatformprojects.readonly","https://www.googleapis.com/auth/firebase","https://www.googleapis.com/auth/cloud-platform"]
[debug] [2021-01-14T22:50:54.833Z] > authorizing via signed-in user
[info] 
     ######## #### ########  ######## ########     ###     ######  ########
     ##        ##  ##     ## ##       ##     ##  ##   ##  ##       ##
     ######    ##  ########  ######   ########  #########  ######  ######
     ##        ##  ##    ##  ##       ##     ## ##     ##       ## ##
     ##       #### ##     ## ######## ########  ##     ##  ######  ########

You're about to initialize a Firebase project in this directory:

  C:\Users\Usuario\Desktop\2 - Hcode\2.2 - Hcode_lab\jsdeveloper

[info] 
=== Project Setup
[info] 
[info] First, let's associate this project directory with a Firebase project.
[info] You can create multiple project aliases by running firebase use --add, 
[info] but for now we'll just set up a default project.
[info] 
[debug] [2021-01-14T22:51:08.836Z] >>> [apiv2][query] GET https://firebase.googleapis.com/v1beta1/projects pageSize=100
[debug] [2021-01-14T22:51:10.076Z] <<< [apiv2][status] GET https://firebase.googleapis.com/v1beta1/projects 200
[debug] [2021-01-14T22:51:10.076Z] <<< [apiv2][body] GET https://firebase.googleapis.com/v1beta1/projects [omitted]
[info] i  Using project ferrari-mqueiros (ferrari-mqueiros) 
[info] 
=== Hosting Setup
[info] 
[info] Your public directory is the folder (relative to your project directory) that
[info] will contain Hosting assets to be uploaded with firebase deploy. If you
[info] have a build process for your assets, use your build's output directory.
[info] 
[info] i  Skipping write of public/404.html 
[debug] [2021-01-14T22:52:02.666Z] >>> [apiv2][query] GET https://www.gstatic.com/firebasejs/releases.json [none]
[debug] [2021-01-14T22:52:02.839Z] <<< [apiv2][status] GET https://www.gstatic.com/firebasejs/releases.json 200
[debug] [2021-01-14T22:52:02.840Z] <<< [apiv2][body] GET https://www.gstatic.com/firebasejs/releases.json {"current":{"version":"8.2.2","browserURL":"https://www.gstatic.com/firebasejs/8.2.2/firebase.js","packageURL":"https://www.gstatic.com/firebasejs/8.2.2/firebase.tgz"},"live":{"version":"8.2","browserURL":"https://www.gstatic.com/firebasejs/live/8.2/firebase.js","packageURL":"https://www.gstatic.com/firebasejs/live/8.2/firebase.tgz"},"components":{"analytics":"https://www.gstatic.com/firebasejs/8.2.2/firebase-analytics.js","app":"https://www.gstatic.com/firebasejs/8.2.2/firebase-app.js","auth":"https://www.gstatic.com/firebasejs/8.2.2/firebase-auth.js","database":"https://www.gstatic.com/firebasejs/8.2.2/firebase-database.js","firestore":"https://www.gstatic.com/firebasejs/8.2.2/firebase-firestore.js","functions":"https://www.gstatic.com/firebasejs/8.2.2/firebase-functions.js","installations":"https://www.gstatic.com/firebasejs/8.2.2/firebase-installations.js","messaging":"https://www.gstatic.com/firebasejs/8.2.2/firebase-messaging.js","storage":"https://www.gstatic.com/firebasejs/8.2.2/firebase-storage.js","performance":"https://www.gstatic.com/firebasejs/8.2.2/firebase-performance.js","remote-config":"https://www.gstatic.com/firebasejs/8.2.2/firebase-remote-config.js","firestore.memory":"https://www.gstatic.com/firebasejs/8.2.2/firebase-firestore.memory.js"}}
[info] i  Skipping write of public/index.html 
[info] 
[info] i  Detected a .git folder at C:\Users\Usuario\Desktop\2 - Hcode\2.2 - Hcode_lab\jsdeveloper 
[info] i  Authorizing with GitHub to upload your service account to a GitHub repository's secrets store. 
[info] 
[info] Visit this URL on this device to log in:
[info] https://github.com/login/oauth/authorize?client_id=89cf50f02ac6aaed3484&state=213389971&redirect_uri=http%3A%2F%2Flocalhost%3A9005&scope=read%3Auser%20repo%20public_repo
[info] 
[info] Waiting for authentication...
[debug] [2021-01-14T22:52:24.147Z] >>> HTTP REQUEST POST https://github.com/login/oauth/access_token  
 {"client_id":"89cf50f02ac6aaed3484","client_secret":"3330d14abc895d9a74d5f17cd7a00711fa2c5bf0","code":"5811ed7d539914414743","redirect_uri":"http://localhost:9005","state":"213389971"}
[debug] [2021-01-14T22:52:24.780Z] <<< HTTP RESPONSE 200 {"server":"GitHub.com","date":"Thu, 14 Jan 2021 22:52:26 GMT","content-type":"application/json; charset=utf-8","transfer-encoding":"chunked","status":"200 OK","vary":"X-PJAX, Accept-Encoding, Accept, X-Requested-With","etag":"W/\"3c6be07febfdf75c6410bea16ddb8115\"","cache-control":"max-age=0, private, must-revalidate","strict-transport-security":"max-age=31536000; includeSubdomains; preload","x-frame-options":"deny","x-content-type-options":"nosniff","x-xss-protection":"1; mode=block","referrer-policy":"origin-when-cross-origin, strict-origin-when-cross-origin","expect-ct":"max-age=2592000, report-uri=\"https://api.github.com/_private/browser/errors\"","content-security-policy":"default-src 'none'; base-uri 'self'; block-all-mixed-content; connect-src 'self' uploads.github.com www.githubstatus.com collector.githubapp.com api.github.com github-cloud.s3.amazonaws.com github-production-repository-file-5c1aeb.s3.amazonaws.com github-production-upload-manifest-file-7fdce7.s3.amazonaws.com github-production-user-asset-6210df.s3.amazonaws.com cdn.optimizely.com logx.optimizely.com/v1/events wss://alive.github.com; font-src github.githubassets.com; form-action 'self' github.com gist.github.com; frame-ancestors 'none'; frame-src render.githubusercontent.com; img-src 'self' data: github.githubassets.com identicons.github.com collector.githubapp.com github-cloud.s3.amazonaws.com *.githubusercontent.com; manifest-src 'self'; media-src 'none'; script-src github.githubassets.com; style-src 'unsafe-inline' github.githubassets.com; worker-src github.com/socket-worker-5029ae85.js gist.github.com/socket-worker-5029ae85.js","x-github-request-id":"CF00:5412:A3ED0:1209B9:6000CB2A"}
[debug] [2021-01-14T22:52:24.781Z] >>> [apiv2][query] GET https://api.github.com/user [none]
[debug] [2021-01-14T22:52:25.400Z] <<< [apiv2][status] GET https://api.github.com/user 200
[debug] [2021-01-14T22:52:25.400Z] <<< [apiv2][body] GET https://api.github.com/user {"login":"mateuscqueiros","id":45767743,"node_id":"MDQ6VXNlcjQ1NzY3NzQz","avatar_url":"https://avatars3.githubusercontent.com/u/45767743?v=4","gravatar_id":"","url":"https://api.github.com/users/mateuscqueiros","html_url":"https://github.com/mateuscqueiros","followers_url":"https://api.github.com/users/mateuscqueiros/followers","following_url":"https://api.github.com/users/mateuscqueiros/following{/other_user}","gists_url":"https://api.github.com/users/mateuscqueiros/gists{/gist_id}","starred_url":"https://api.github.com/users/mateuscqueiros/starred{/owner}{/repo}","subscriptions_url":"https://api.github.com/users/mateuscqueiros/subscriptions","organizations_url":"https://api.github.com/users/mateuscqueiros/orgs","repos_url":"https://api.github.com/users/mateuscqueiros/repos","events_url":"https://api.github.com/users/mateuscqueiros/events{/privacy}","received_events_url":"https://api.github.com/users/mateuscqueiros/received_events","type":"User","site_admin":false,"name":"Mateus Queirós","company":"@hcodebr ","blog":"","location":null,"email":null,"hireable":null,"bio":"Web Developer. 16 anos. Gosto de fazer pequenos projetos em HTML, CSS e Javascript para me divertir. Recentemente fiz alguns projetos em Next.js e React.","twitter_username":null,"public_repos":12,"public_gists":0,"followers":16,"following":11,"created_at":"2018-12-10T17:16:36Z","updated_at":"2021-01-14T22:52:25Z","private_gists":0,"total_private_repos":9,"owned_private_repos":9,"disk_usage":119567,"collaborators":5,"two_factor_authentication":false,"plan":{"name":"free","space":976562499,"collaborators":0,"private_repos":10000}}
[info] 
[info] +  Success! Logged into GitHub as mateuscqueiros 
[info] 
