23:58:53.621 INFO [GridLauncherV3.parse] - Selenium server version: 3.141.59, revision: e82be7d358
23:58:53.759 INFO [GridLauncherV3.lambda$buildLaunchers$3] - Launching a standalone Selenium Server on port 4444
2021-01-15 23:58:53.842:INFO::main: Logging initialized @554ms to org.seleniumhq.jetty9.util.log.StdErrLog
23:58:54.179 INFO [WebDriverServlet.<init>] - Initialising WebDriverServlet
23:58:54.640 INFO [SeleniumServer.boot] - Selenium Server is up and running on port 4444
23:59:09.119 INFO [ActiveSessionFactory.apply] - Capabilities are: {
  "acceptSslCerts": true,
  "browserName": "chrome",
  "chromeOptions": {
    "w3c": false,
    "args": [
      "disable-gpu"
    ]
  },
  "javascriptEnable": true,
  "name": "Register"
}
23:59:09.122 INFO [ActiveSessionFactory.lambda$apply$11] - Matched factory org.openqa.selenium.grid.session.remote.ServicedSession$Factory (provider: org.openqa.selenium.chrome.ChromeDriverService)
Starting ChromeDriver 87.0.4280.20 (c99e81631faa0b2a448e658c0dbd8311fb04ddbd-refs/branch-heads/4280@{#355}) on port 19887
Only local connections are allowed.
Please see https://chromedriver.chromium.org/security-considerations for suggestions on keeping ChromeDriver safe.
ChromeDriver was started successfully.
23:59:13.770 INFO [ProtocolHandshake.createSession] - Detected dialect: OSS
23:59:14.365 INFO [RemoteSession$Factory.lambda$performHandshake$0] - Started new session a2e0d73152cd451828e6e1bac421aee0 (org.openqa.selenium.chrome.ChromeDriverService)
23:59:31.860 INFO [ActiveSessions$1.onStop] - Removing session a2e0d73152cd451828e6e1bac421aee0 (org.openqa.selenium.chrome.ChromeDriverService)
